This is pdfTeX, Version 3.141592653-2.6-1.40.22 (TeX Live 2021/nixos.org) (preloaded format=pdflatex 1980.1.1)  26 NOV 2022 18:49
entering extended mode
 restricted \write18 enabled.
 %&-line parsing enabled.
**\nonstopmode\input main.tex
(./main.tex
(/nix/store/3nl2cdcwgp9s612xf0g8pavfrim5g97v-texlive-combined-full-2021-final/s
hare/texmf/tex/latex/beamer/beamer.cls
Document Class: beamer 2022/02/08 v3.66 A class for typesetting presentations

(/nix/store/3nl2cdcwgp9s612xf0g8pavfrim5g97v-texlive-combined-full-2021-final/s
hare/texmf/tex/latex/beamer/beamerbasemodes.sty
(/nix/store/3nl2cdcwgp9s612xf0g8pavfrim5g97v-texlive-combined-full-2021-final/s
hare/texmf/tex/latex/etoolbox/etoolbox.sty
Package: etoolbox 2020/10/05 v2.5k e-TeX tools for LaTeX (JAW)
\etb@tempcnta=\count185
)
\beamer@tempbox=\box50
\beamer@tempcount=\count186
\c@beamerpauses=\count187

(/nix/store/3nl2cdcwgp9s612xf0g8pavfrim5g97v-texlive-combined-full-2021-final/s
hare/texmf/tex/latex/beamer/beamerbasedecode.sty
\beamer@slideinframe=\count188
\beamer@minimum=\count189
\beamer@decode@box=\box51
)
\beamer@commentbox=\box52
\beamer@modecount=\count190
)
(/nix/store/3nl2cdcwgp9s612xf0g8pavfrim5g97v-texlive-combined-full-2021-final/s
hare/texmf/tex/generic/iftex/iftex.sty
Package: iftex 2022/02/03 v1.0f TeX engine tests
)
\headdp=\dimen138
\footheight=\dimen139
\sidebarheight=\dimen140
\beamer@tempdim=\dimen141
\beamer@finalheight=\dimen142
\beamer@animht=\dimen143
\beamer@animdp=\dimen144
\beamer@animwd=\dimen145
\beamer@leftmargin=\dimen146
\beamer@rightmargin=\dimen147
\beamer@leftsidebar=\dimen148
\beamer@rightsidebar=\dimen149
\beamer@boxsize=\dimen150
\beamer@vboxoffset=\dimen151
\beamer@descdefault=\dimen152
\beamer@descriptionwidth=\dimen153
\beamer@lastskip=\skip47
\beamer@areabox=\box53
\beamer@animcurrent=\box54
\beamer@animshowbox=\box55
\beamer@sectionbox=\box56
\beamer@logobox=\box57
\beamer@linebox=\box58
\beamer@sectioncount=\count191
\beamer@subsubsectionmax=\count192
\beamer@subsectionmax=\count193
\beamer@sectionmax=\count194
\beamer@totalheads=\count195
\beamer@headcounter=\count196
\beamer@partstartpage=\count197
\beamer@sectionstartpage=\count198
\beamer@subsectionstartpage=\count199
\beamer@animationtempa=\count266
\beamer@animationtempb=\count267
\beamer@xpos=\count268
\beamer@ypos=\count269
\beamer@ypos@offset=\count270
\beamer@showpartnumber=\count271
\beamer@currentsubsection=\count272
\beamer@coveringdepth=\count273
\beamer@sectionadjust=\count274
\beamer@toclastsection=\count275
\beamer@tocsectionnumber=\count276

(/nix/store/3nl2cdcwgp9s612xf0g8pavfrim5g97v-texlive-combined-full-2021-final/s
hare/texmf/tex/latex/beamer/beamerbaseoptions.sty
(/nix/store/3nl2cdcwgp9s612xf0g8pavfrim5g97v-texlive-combined-full-2021-final/s
hare/texmf/tex/latex/graphics/keyval.sty
Package: keyval 2014/10/28 v1.15 key=value parser (DPC)
\KV@toks@=\toks16
))
\beamer@paperwidth=\skip48
\beamer@paperheight=\skip49

(/nix/store/3nl2cdcwgp9s612xf0g8pavfrim5g97v-texlive-combined-full-2021-final/s
hare/texmf/tex/latex/geometry/geometry.sty
Package: geometry 2020/01/02 v5.9 Page Geometry

(/nix/store/3nl2cdcwgp9s612xf0g8pavfrim5g97v-texlive-combined-full-2021-final/s
hare/texmf/tex/generic/iftex/ifvtex.sty
Package: ifvtex 2019/10/25 v1.7 ifvtex legacy package. Use iftex instead.
)
\Gm@cnth=\count277
\Gm@cntv=\count278
\c@Gm@tempcnt=\count279
\Gm@bindingoffset=\dimen154
\Gm@wd@mp=\dimen155
\Gm@odd@mp=\dimen156
\Gm@even@mp=\dimen157
\Gm@layoutwidth=\dimen158
\Gm@layoutheight=\dimen159
\Gm@layouthoffset=\dimen160
\Gm@layoutvoffset=\dimen161
\Gm@dimlist=\toks17
)
(/nix/store/3nl2cdcwgp9s612xf0g8pavfrim5g97v-texlive-combined-full-2021-final/s
hare/texmf/tex/latex/pgf/math/pgfmath.sty
(/nix/store/3nl2cdcwgp9s612xf0g8pavfrim5g97v-texlive-combined-full-2021-final/s
hare/texmf/tex/latex/pgf/utilities/pgfrcs.sty
(/nix/store/3nl2cdcwgp9s612xf0g8pavfrim5g97v-texlive-combined-full-2021-final/s
hare/texmf/tex/generic/pgf/utilities/pgfutil-common.tex
\pgfutil@everybye=\toks18
\pgfutil@tempdima=\dimen162
\pgfutil@tempdimb=\dimen163

(/nix/store/3nl2cdcwgp9s612xf0g8pavfrim5g97v-texlive-combined-full-2021-final/s
hare/texmf/tex/generic/pgf/utilities/pgfutil-common-lists.tex))
(/nix/store/3nl2cdcwgp9s612xf0g8pavfrim5g97v-texlive-combined-full-2021-final/s
hare/texmf/tex/generic/pgf/utilities/pgfutil-latex.def
\pgfutil@abb=\box59
)
(/nix/store/3nl2cdcwgp9s612xf0g8pavfrim5g97v-texlive-combined-full-2021-final/s
hare/texmf/tex/generic/pgf/utilities/pgfrcs.code.tex
(/nix/store/3nl2cdcwgp9s612xf0g8pavfrim5g97v-texlive-combined-full-2021-final/s
hare/texmf/tex/generic/pgf/pgf.revision.tex)
Package: pgfrcs 2021/05/15 v3.1.9a (3.1.9a)
))
(/nix/store/3nl2cdcwgp9s612xf0g8pavfrim5g97v-texlive-combined-full-2021-final/s
hare/texmf/tex/latex/pgf/utilities/pgfkeys.sty
(/nix/store/3nl2cdcwgp9s612xf0g8pavfrim5g97v-texlive-combined-full-2021-final/s
hare/texmf/tex/generic/pgf/utilities/pgfkeys.code.tex
\pgfkeys@pathtoks=\toks19
\pgfkeys@temptoks=\toks20

(/nix/store/3nl2cdcwgp9s612xf0g8pavfrim5g97v-texlive-combined-full-2021-final/s
hare/texmf/tex/generic/pgf/utilities/pgfkeysfiltered.code.tex
\pgfkeys@tmptoks=\toks21
)))
(/nix/store/3nl2cdcwgp9s612xf0g8pavfrim5g97v-texlive-combined-full-2021-final/s
hare/texmf/tex/generic/pgf/math/pgfmath.code.tex
(/nix/store/3nl2cdcwgp9s612xf0g8pavfrim5g97v-texlive-combined-full-2021-final/s
hare/texmf/tex/generic/pgf/math/pgfmathcalc.code.tex
(/nix/store/3nl2cdcwgp9s612xf0g8pavfrim5g97v-texlive-combined-full-2021-final/s
hare/texmf/tex/generic/pgf/math/pgfmathutil.code.tex
\pgf@x=\dimen164
\pgf@xa=\dimen165
\pgf@xb=\dimen166
\pgf@xc=\dimen167
\pgf@y=\dimen168
\pgf@ya=\dimen169
\pgf@yb=\dimen170
\pgf@yc=\dimen171
\c@pgf@counta=\count280
\c@pgf@countb=\count281
\c@pgf@countc=\count282
\c@pgf@countd=\count283
)
(/nix/store/3nl2cdcwgp9s612xf0g8pavfrim5g97v-texlive-combined-full-2021-final/s
hare/texmf/tex/generic/pgf/math/pgfmathparser.code.tex
\pgfmath@dimen=\dimen172
\pgfmath@count=\count284
\pgfmath@box=\box60
\pgfmath@toks=\toks22
\pgfmath@stack@operand=\toks23
\pgfmath@stack@operation=\toks24
)
(/nix/store/3nl2cdcwgp9s612xf0g8pavfrim5g97v-texlive-combined-full-2021-final/s
hare/texmf/tex/generic/pgf/math/pgfmathfunctions.code.tex
(/nix/store/3nl2cdcwgp9s612xf0g8pavfrim5g97v-texlive-combined-full-2021-final/s
hare/texmf/tex/generic/pgf/math/pgfmathfunctions.basic.code.tex)
(/nix/store/3nl2cdcwgp9s612xf0g8pavfrim5g97v-texlive-combined-full-2021-final/s
hare/texmf/tex/generic/pgf/math/pgfmathfunctions.trigonometric.code.tex)
(/nix/store/3nl2cdcwgp9s612xf0g8pavfrim5g97v-texlive-combined-full-2021-final/s
hare/texmf/tex/generic/pgf/math/pgfmathfunctions.random.code.tex)
(/nix/store/3nl2cdcwgp9s612xf0g8pavfrim5g97v-texlive-combined-full-2021-final/s
hare/texmf/tex/generic/pgf/math/pgfmathfunctions.comparison.code.tex)
(/nix/store/3nl2cdcwgp9s612xf0g8pavfrim5g97v-texlive-combined-full-2021-final/s
hare/texmf/tex/generic/pgf/math/pgfmathfunctions.base.code.tex)
(/nix/store/3nl2cdcwgp9s612xf0g8pavfrim5g97v-texlive-combined-full-2021-final/s
hare/texmf/tex/generic/pgf/math/pgfmathfunctions.round.code.tex)
(/nix/store/3nl2cdcwgp9s612xf0g8pavfrim5g97v-texlive-combined-full-2021-final/s
hare/texmf/tex/generic/pgf/math/pgfmathfunctions.misc.code.tex)
(/nix/store/3nl2cdcwgp9s612xf0g8pavfrim5g97v-texlive-combined-full-2021-final/s
hare/texmf/tex/generic/pgf/math/pgfmathfunctions.integerarithmetics.code.tex)))

(/nix/store/3nl2cdcwgp9s612xf0g8pavfrim5g97v-texlive-combined-full-2021-final/s
hare/texmf/tex/generic/pgf/math/pgfmathfloat.code.tex
\c@pgfmathroundto@lastzeros=\count285
)))
(/nix/store/3nl2cdcwgp9s612xf0g8pavfrim5g97v-texlive-combined-full-2021-final/s
hare/texmf/tex/latex/base/size11.clo
File: size11.clo 2021/10/04 v1.4n Standard LaTeX file (size option)
)
(/nix/store/3nl2cdcwgp9s612xf0g8pavfrim5g97v-texlive-combined-full-2021-final/s
hare/texmf/tex/latex/pgf/basiclayer/pgfcore.sty
(/nix/store/3nl2cdcwgp9s612xf0g8pavfrim5g97v-texlive-combined-full-2021-final/s
hare/texmf/tex/latex/graphics/graphicx.sty
Package: graphicx 2021/09/16 v1.2d Enhanced LaTeX Graphics (DPC,SPQR)

(/nix/store/3nl2cdcwgp9s612xf0g8pavfrim5g97v-texlive-combined-full-2021-final/s
hare/texmf/tex/latex/graphics/graphics.sty
Package: graphics 2021/03/04 v1.4d Standard LaTeX Graphics (DPC,SPQR)

(/nix/store/3nl2cdcwgp9s612xf0g8pavfrim5g97v-texlive-combined-full-2021-final/s
hare/texmf/tex/latex/graphics/trig.sty
Package: trig 2021/08/11 v1.11 sin cos tan (DPC)
)
(/nix/store/3nl2cdcwgp9s612xf0g8pavfrim5g97v-texlive-combined-full-2021-final/s
hare/texmf/tex/latex/graphics-cfg/graphics.cfg
File: graphics.cfg 2016/06/04 v1.11 sample graphics configuration
)
Package graphics Info: Driver file: pdftex.def on input line 107.

(/nix/store/3nl2cdcwgp9s612xf0g8pavfrim5g97v-texlive-combined-full-2021-final/s
hare/texmf/tex/latex/graphics-def/pdftex.def
File: pdftex.def 2020/10/05 v1.2a Graphics/color driver for pdftex
))
\Gin@req@height=\dimen173
\Gin@req@width=\dimen174
)
(/nix/store/3nl2cdcwgp9s612xf0g8pavfrim5g97v-texlive-combined-full-2021-final/s
hare/texmf/tex/latex/pgf/systemlayer/pgfsys.sty
(/nix/store/3nl2cdcwgp9s612xf0g8pavfrim5g97v-texlive-combined-full-2021-final/s
hare/texmf/tex/generic/pgf/systemlayer/pgfsys.code.tex
Package: pgfsys 2021/05/15 v3.1.9a (3.1.9a)

(/nix/store/3nl2cdcwgp9s612xf0g8pavfrim5g97v-texlive-combined-full-2021-final/s
hare/texmf/tex/generic/pgf/utilities/pgfkeys.code.tex)
\pgf@x=\dimen175
\pgf@y=\dimen176
\pgf@xa=\dimen177
\pgf@ya=\dimen178
\pgf@xb=\dimen179
\pgf@yb=\dimen180
\pgf@xc=\dimen181
\pgf@yc=\dimen182
\pgf@xd=\dimen183
\pgf@yd=\dimen184
\w@pgf@writea=\write3
\r@pgf@reada=\read2
\c@pgf@counta=\count286
\c@pgf@countb=\count287
\c@pgf@countc=\count288
\c@pgf@countd=\count289
\t@pgf@toka=\toks25
\t@pgf@tokb=\toks26
\t@pgf@tokc=\toks27
\pgf@sys@id@count=\count290

(/nix/store/3nl2cdcwgp9s612xf0g8pavfrim5g97v-texlive-combined-full-2021-final/s
hare/texmf/tex/generic/pgf/systemlayer/pgf.cfg
File: pgf.cfg 2021/05/15 v3.1.9a (3.1.9a)
)
Driver file for pgf: pgfsys-pdftex.def

(/nix/store/3nl2cdcwgp9s612xf0g8pavfrim5g97v-texlive-combined-full-2021-final/s
hare/texmf/tex/generic/pgf/systemlayer/pgfsys-pdftex.def
File: pgfsys-pdftex.def 2021/05/15 v3.1.9a (3.1.9a)

(/nix/store/3nl2cdcwgp9s612xf0g8pavfrim5g97v-texlive-combined-full-2021-final/s
hare/texmf/tex/generic/pgf/systemlayer/pgfsys-common-pdf.def
File: pgfsys-common-pdf.def 2021/05/15 v3.1.9a (3.1.9a)
)))
(/nix/store/3nl2cdcwgp9s612xf0g8pavfrim5g97v-texlive-combined-full-2021-final/s
hare/texmf/tex/generic/pgf/systemlayer/pgfsyssoftpath.code.tex
File: pgfsyssoftpath.code.tex 2021/05/15 v3.1.9a (3.1.9a)
\pgfsyssoftpath@smallbuffer@items=\count291
\pgfsyssoftpath@bigbuffer@items=\count292
)
(/nix/store/3nl2cdcwgp9s612xf0g8pavfrim5g97v-texlive-combined-full-2021-final/s
hare/texmf/tex/generic/pgf/systemlayer/pgfsysprotocol.code.tex
File: pgfsysprotocol.code.tex 2021/05/15 v3.1.9a (3.1.9a)
))
(/nix/store/3nl2cdcwgp9s612xf0g8pavfrim5g97v-texlive-combined-full-2021-final/s
hare/texmf/tex/latex/xcolor/xcolor.sty
Package: xcolor 2021/10/31 v2.13 LaTeX color extensions (UK)

(/nix/store/3nl2cdcwgp9s612xf0g8pavfrim5g97v-texlive-combined-full-2021-final/s
hare/texmf/tex/latex/graphics-cfg/color.cfg
File: color.cfg 2016/01/02 v1.6 sample color configuration
)
Package xcolor Info: Driver file: pdftex.def on input line 227.
Package xcolor Info: Model `cmy' substituted by `cmy0' on input line 1352.
Package xcolor Info: Model `hsb' substituted by `rgb' on input line 1356.
Package xcolor Info: Model `RGB' extended on input line 1368.
Package xcolor Info: Model `HTML' substituted by `rgb' on input line 1370.
Package xcolor Info: Model `Hsb' substituted by `hsb' on input line 1371.
Package xcolor Info: Model `tHsb' substituted by `hsb' on input line 1372.
Package xcolor Info: Model `HSB' substituted by `hsb' on input line 1373.
Package xcolor Info: Model `Gray' substituted by `gray' on input line 1374.
Package xcolor Info: Model `wave' substituted by `hsb' on input line 1375.

(/nix/store/3nl2cdcwgp9s612xf0g8pavfrim5g97v-texlive-combined-full-2021-final/s
hare/texmf/tex/latex/xcolor/svgnam.def
File: svgnam.def 2021/10/31 v2.13 Predefined colors according to SVG 1.1 (UK)
))
(/nix/store/3nl2cdcwgp9s612xf0g8pavfrim5g97v-texlive-combined-full-2021-final/s
hare/texmf/tex/generic/pgf/basiclayer/pgfcore.code.tex
Package: pgfcore 2021/05/15 v3.1.9a (3.1.9a)

(/nix/store/3nl2cdcwgp9s612xf0g8pavfrim5g97v-texlive-combined-full-2021-final/s
hare/texmf/tex/generic/pgf/math/pgfmath.code.tex)
(/nix/store/3nl2cdcwgp9s612xf0g8pavfrim5g97v-texlive-combined-full-2021-final/s
hare/texmf/tex/generic/pgf/math/pgfint.code.tex)
(/nix/store/3nl2cdcwgp9s612xf0g8pavfrim5g97v-texlive-combined-full-2021-final/s
hare/texmf/tex/generic/pgf/basiclayer/pgfcorepoints.code.tex
File: pgfcorepoints.code.tex 2021/05/15 v3.1.9a (3.1.9a)
\pgf@picminx=\dimen185
\pgf@picmaxx=\dimen186
\pgf@picminy=\dimen187
\pgf@picmaxy=\dimen188
\pgf@pathminx=\dimen189
\pgf@pathmaxx=\dimen190
\pgf@pathminy=\dimen191
\pgf@pathmaxy=\dimen192
\pgf@xx=\dimen193
\pgf@xy=\dimen194
\pgf@yx=\dimen195
\pgf@yy=\dimen196
\pgf@zx=\dimen197
\pgf@zy=\dimen198
)
(/nix/store/3nl2cdcwgp9s612xf0g8pavfrim5g97v-texlive-combined-full-2021-final/s
hare/texmf/tex/generic/pgf/basiclayer/pgfcorepathconstruct.code.tex
File: pgfcorepathconstruct.code.tex 2021/05/15 v3.1.9a (3.1.9a)
\pgf@path@lastx=\dimen199
\pgf@path@lasty=\dimen256
)
(/nix/store/3nl2cdcwgp9s612xf0g8pavfrim5g97v-texlive-combined-full-2021-final/s
hare/texmf/tex/generic/pgf/basiclayer/pgfcorepathusage.code.tex
File: pgfcorepathusage.code.tex 2021/05/15 v3.1.9a (3.1.9a)
\pgf@shorten@end@additional=\dimen257
\pgf@shorten@start@additional=\dimen258
)
(/nix/store/3nl2cdcwgp9s612xf0g8pavfrim5g97v-texlive-combined-full-2021-final/s
hare/texmf/tex/generic/pgf/basiclayer/pgfcorescopes.code.tex
File: pgfcorescopes.code.tex 2021/05/15 v3.1.9a (3.1.9a)
\pgfpic=\box61
\pgf@hbox=\box62
\pgf@layerbox@main=\box63
\pgf@picture@serial@count=\count293
)
(/nix/store/3nl2cdcwgp9s612xf0g8pavfrim5g97v-texlive-combined-full-2021-final/s
hare/texmf/tex/generic/pgf/basiclayer/pgfcoregraphicstate.code.tex
File: pgfcoregraphicstate.code.tex 2021/05/15 v3.1.9a (3.1.9a)
\pgflinewidth=\dimen259
)
(/nix/store/3nl2cdcwgp9s612xf0g8pavfrim5g97v-texlive-combined-full-2021-final/s
hare/texmf/tex/generic/pgf/basiclayer/pgfcoretransformations.code.tex
File: pgfcoretransformations.code.tex 2021/05/15 v3.1.9a (3.1.9a)
\pgf@pt@x=\dimen260
\pgf@pt@y=\dimen261
\pgf@pt@temp=\dimen262
)
(/nix/store/3nl2cdcwgp9s612xf0g8pavfrim5g97v-texlive-combined-full-2021-final/s
hare/texmf/tex/generic/pgf/basiclayer/pgfcorequick.code.tex
File: pgfcorequick.code.tex 2021/05/15 v3.1.9a (3.1.9a)
)
(/nix/store/3nl2cdcwgp9s612xf0g8pavfrim5g97v-texlive-combined-full-2021-final/s
hare/texmf/tex/generic/pgf/basiclayer/pgfcoreobjects.code.tex
File: pgfcoreobjects.code.tex 2021/05/15 v3.1.9a (3.1.9a)
)
(/nix/store/3nl2cdcwgp9s612xf0g8pavfrim5g97v-texlive-combined-full-2021-final/s
hare/texmf/tex/generic/pgf/basiclayer/pgfcorepathprocessing.code.tex
File: pgfcorepathprocessing.code.tex 2021/05/15 v3.1.9a (3.1.9a)
)
(/nix/store/3nl2cdcwgp9s612xf0g8pavfrim5g97v-texlive-combined-full-2021-final/s
hare/texmf/tex/generic/pgf/basiclayer/pgfcorearrows.code.tex
File: pgfcorearrows.code.tex 2021/05/15 v3.1.9a (3.1.9a)
\pgfarrowsep=\dimen263
)
(/nix/store/3nl2cdcwgp9s612xf0g8pavfrim5g97v-texlive-combined-full-2021-final/s
hare/texmf/tex/generic/pgf/basiclayer/pgfcoreshade.code.tex
File: pgfcoreshade.code.tex 2021/05/15 v3.1.9a (3.1.9a)
\pgf@max=\dimen264
\pgf@sys@shading@range@num=\count294
\pgf@shadingcount=\count295
)
(/nix/store/3nl2cdcwgp9s612xf0g8pavfrim5g97v-texlive-combined-full-2021-final/s
hare/texmf/tex/generic/pgf/basiclayer/pgfcoreimage.code.tex
File: pgfcoreimage.code.tex 2021/05/15 v3.1.9a (3.1.9a)

(/nix/store/3nl2cdcwgp9s612xf0g8pavfrim5g97v-texlive-combined-full-2021-final/s
hare/texmf/tex/generic/pgf/basiclayer/pgfcoreexternal.code.tex
File: pgfcoreexternal.code.tex 2021/05/15 v3.1.9a (3.1.9a)
\pgfexternal@startupbox=\box64
))
(/nix/store/3nl2cdcwgp9s612xf0g8pavfrim5g97v-texlive-combined-full-2021-final/s
hare/texmf/tex/generic/pgf/basiclayer/pgfcorelayers.code.tex
File: pgfcorelayers.code.tex 2021/05/15 v3.1.9a (3.1.9a)
)
(/nix/store/3nl2cdcwgp9s612xf0g8pavfrim5g97v-texlive-combined-full-2021-final/s
hare/texmf/tex/generic/pgf/basiclayer/pgfcoretransparency.code.tex
File: pgfcoretransparency.code.tex 2021/05/15 v3.1.9a (3.1.9a)
)
(/nix/store/3nl2cdcwgp9s612xf0g8pavfrim5g97v-texlive-combined-full-2021-final/s
hare/texmf/tex/generic/pgf/basiclayer/pgfcorepatterns.code.tex
File: pgfcorepatterns.code.tex 2021/05/15 v3.1.9a (3.1.9a)
)
(/nix/store/3nl2cdcwgp9s612xf0g8pavfrim5g97v-texlive-combined-full-2021-final/s
hare/texmf/tex/generic/pgf/basiclayer/pgfcorerdf.code.tex
File: pgfcorerdf.code.tex 2021/05/15 v3.1.9a (3.1.9a)
)))
(/nix/store/3nl2cdcwgp9s612xf0g8pavfrim5g97v-texlive-combined-full-2021-final/s
hare/texmf/tex/latex/pgf/utilities/xxcolor.sty
Package: xxcolor 2003/10/24 ver 0.1
\XC@nummixins=\count296
\XC@countmixins=\count297
)
(/nix/store/3nl2cdcwgp9s612xf0g8pavfrim5g97v-texlive-combined-full-2021-final/s
hare/texmf/tex/latex/base/atbegshi-ltx.sty
Package: atbegshi-ltx 2021/01/10 v1.0c Emulation of the original atbegshi
package with kernel methods
)
(/nix/store/3nl2cdcwgp9s612xf0g8pavfrim5g97v-texlive-combined-full-2021-final/s
hare/texmf/tex/latex/hyperref/hyperref.sty
Package: hyperref 2022-02-21 v7.00n Hypertext links for LaTeX

(/nix/store/3nl2cdcwgp9s612xf0g8pavfrim5g97v-texlive-combined-full-2021-final/s
hare/texmf/tex/generic/ltxcmds/ltxcmds.sty
Package: ltxcmds 2020-05-10 v1.25 LaTeX kernel commands for general use (HO)
)
(/nix/store/3nl2cdcwgp9s612xf0g8pavfrim5g97v-texlive-combined-full-2021-final/s
hare/texmf/tex/generic/pdftexcmds/pdftexcmds.sty
Package: pdftexcmds 2020-06-27 v0.33 Utility functions of pdfTeX for LuaTeX (HO
)

(/nix/store/3nl2cdcwgp9s612xf0g8pavfrim5g97v-texlive-combined-full-2021-final/s
hare/texmf/tex/generic/infwarerr/infwarerr.sty
Package: infwarerr 2019/12/03 v1.5 Providing info/warning/error messages (HO)
)
Package pdftexcmds Info: \pdf@primitive is available.
Package pdftexcmds Info: \pdf@ifprimitive is available.
Package pdftexcmds Info: \pdfdraftmode found.
)
(/nix/store/3nl2cdcwgp9s612xf0g8pavfrim5g97v-texlive-combined-full-2021-final/s
hare/texmf/tex/generic/kvsetkeys/kvsetkeys.sty
Package: kvsetkeys 2019/12/15 v1.18 Key value parser (HO)
)
(/nix/store/3nl2cdcwgp9s612xf0g8pavfrim5g97v-texlive-combined-full-2021-final/s
hare/texmf/tex/generic/kvdefinekeys/kvdefinekeys.sty
Package: kvdefinekeys 2019-12-19 v1.6 Define keys (HO)
)
(/nix/store/3nl2cdcwgp9s612xf0g8pavfrim5g97v-texlive-combined-full-2021-final/s
hare/texmf/tex/generic/pdfescape/pdfescape.sty
Package: pdfescape 2019/12/09 v1.15 Implements pdfTeX's escape features (HO)
)
(/nix/store/3nl2cdcwgp9s612xf0g8pavfrim5g97v-texlive-combined-full-2021-final/s
hare/texmf/tex/latex/hycolor/hycolor.sty
Package: hycolor 2020-01-27 v1.10 Color options for hyperref/bookmark (HO)
)
(/nix/store/3nl2cdcwgp9s612xf0g8pavfrim5g97v-texlive-combined-full-2021-final/s
hare/texmf/tex/latex/letltxmacro/letltxmacro.sty
Package: letltxmacro 2019/12/03 v1.6 Let assignment for LaTeX macros (HO)
)
(/nix/store/3nl2cdcwgp9s612xf0g8pavfrim5g97v-texlive-combined-full-2021-final/s
hare/texmf/tex/latex/auxhook/auxhook.sty
Package: auxhook 2019-12-17 v1.6 Hooks for auxiliary files (HO)
)
(/nix/store/3nl2cdcwgp9s612xf0g8pavfrim5g97v-texlive-combined-full-2021-final/s
hare/texmf/tex/latex/kvoptions/kvoptions.sty
Package: kvoptions 2020-10-07 v3.14 Key value format for package options (HO)
)
\@linkdim=\dimen265
\Hy@linkcounter=\count298
\Hy@pagecounter=\count299

(/nix/store/3nl2cdcwgp9s612xf0g8pavfrim5g97v-texlive-combined-full-2021-final/s
hare/texmf/tex/latex/hyperref/pd1enc.def
File: pd1enc.def 2022-02-21 v7.00n Hyperref: PDFDocEncoding definition (HO)
Now handling font encoding PD1 ...
... no UTF-8 mapping file for font encoding PD1
)
(/nix/store/3nl2cdcwgp9s612xf0g8pavfrim5g97v-texlive-combined-full-2021-final/s
hare/texmf/tex/generic/intcalc/intcalc.sty
Package: intcalc 2019/12/15 v1.3 Expandable calculations with integers (HO)
)
(/nix/store/3nl2cdcwgp9s612xf0g8pavfrim5g97v-texlive-combined-full-2021-final/s
hare/texmf/tex/generic/etexcmds/etexcmds.sty
Package: etexcmds 2019/12/15 v1.7 Avoid name clashes with e-TeX commands (HO)
)
\Hy@SavedSpaceFactor=\count300

(/nix/store/3nl2cdcwgp9s612xf0g8pavfrim5g97v-texlive-combined-full-2021-final/s
hare/texmf/tex/latex/hyperref/puenc.def
File: puenc.def 2022-02-21 v7.00n Hyperref: PDF Unicode definition (HO)
Now handling font encoding PU ...
... no UTF-8 mapping file for font encoding PU
)
Package hyperref Info: Option `bookmarks' set `true' on input line 4018.
Package hyperref Info: Option `bookmarksopen' set `true' on input line 4018.
Package hyperref Info: Option `implicit' set `false' on input line 4018.
Package hyperref Info: Hyper figures OFF on input line 4137.
Package hyperref Info: Link nesting OFF on input line 4142.
Package hyperref Info: Hyper index ON on input line 4145.
Package hyperref Info: Plain pages OFF on input line 4152.
Package hyperref Info: Backreferencing OFF on input line 4157.
Package hyperref Info: Implicit mode OFF; no redefinition of LaTeX internals.
Package hyperref Info: Bookmarks ON on input line 4390.
\c@Hy@tempcnt=\count301

(/nix/store/3nl2cdcwgp9s612xf0g8pavfrim5g97v-texlive-combined-full-2021-final/s
hare/texmf/tex/latex/url/url.sty
\Urlmuskip=\muskip16
Package: url 2013/09/16  ver 3.4  Verb mode for urls, etc.
)
LaTeX Info: Redefining \url on input line 4749.
\XeTeXLinkMargin=\dimen266

(/nix/store/3nl2cdcwgp9s612xf0g8pavfrim5g97v-texlive-combined-full-2021-final/s
hare/texmf/tex/generic/bitset/bitset.sty
Package: bitset 2019/12/09 v1.3 Handle bit-vector datatype (HO)

(/nix/store/3nl2cdcwgp9s612xf0g8pavfrim5g97v-texlive-combined-full-2021-final/s
hare/texmf/tex/generic/bigintcalc/bigintcalc.sty
Package: bigintcalc 2019/12/15 v1.5 Expandable calculations on big integers (HO
)
))
\Fld@menulength=\count302
\Field@Width=\dimen267
\Fld@charsize=\dimen268
Package hyperref Info: Hyper figures OFF on input line 6027.
Package hyperref Info: Link nesting OFF on input line 6032.
Package hyperref Info: Hyper index ON on input line 6035.
Package hyperref Info: backreferencing OFF on input line 6042.
Package hyperref Info: Link coloring OFF on input line 6047.
Package hyperref Info: Link coloring with OCG OFF on input line 6052.
Package hyperref Info: PDF/A mode OFF on input line 6057.
LaTeX Info: Redefining \ref on input line 6097.
LaTeX Info: Redefining \pageref on input line 6101.
\Hy@abspage=\count303


Package hyperref Message: Stopped early.

)
Package hyperref Info: Driver (autodetected): hpdftex.

(/nix/store/3nl2cdcwgp9s612xf0g8pavfrim5g97v-texlive-combined-full-2021-final/s
hare/texmf/tex/latex/hyperref/hpdftex.def
File: hpdftex.def 2022-02-21 v7.00n Hyperref driver for pdfTeX

(/nix/store/3nl2cdcwgp9s612xf0g8pavfrim5g97v-texlive-combined-full-2021-final/s
hare/texmf/tex/latex/base/atveryend-ltx.sty
Package: atveryend-ltx 2020/08/19 v1.0a Emulation of the original atveryend pac
kage
with kernel methods
)
\Fld@listcount=\count304
\c@bookmark@seq@number=\count305

(/nix/store/3nl2cdcwgp9s612xf0g8pavfrim5g97v-texlive-combined-full-2021-final/s
hare/texmf/tex/latex/rerunfilecheck/rerunfilecheck.sty
Package: rerunfilecheck 2019/12/05 v1.9 Rerun checks for auxiliary files (HO)

(/nix/store/3nl2cdcwgp9s612xf0g8pavfrim5g97v-texlive-combined-full-2021-final/s
hare/texmf/tex/generic/uniquecounter/uniquecounter.sty
Package: uniquecounter 2019/12/15 v1.4 Provide unlimited unique counter (HO)
)
Package uniquecounter Info: New unique counter `rerunfilecheck' on input line 2
86.
))
(/nix/store/3nl2cdcwgp9s612xf0g8pavfrim5g97v-texlive-combined-full-2021-final/s
hare/texmf/tex/latex/beamer/beamerbaserequires.sty
(/nix/store/3nl2cdcwgp9s612xf0g8pavfrim5g97v-texlive-combined-full-2021-final/s
hare/texmf/tex/latex/beamer/beamerbasecompatibility.sty)
(/nix/store/3nl2cdcwgp9s612xf0g8pavfrim5g97v-texlive-combined-full-2021-final/s
hare/texmf/tex/latex/beamer/beamerbasefont.sty
(/nix/store/3nl2cdcwgp9s612xf0g8pavfrim5g97v-texlive-combined-full-2021-final/s
hare/texmf/tex/latex/amsfonts/amssymb.sty
Package: amssymb 2013/01/14 v3.01 AMS font symbols

(/nix/store/3nl2cdcwgp9s612xf0g8pavfrim5g97v-texlive-combined-full-2021-final/s
hare/texmf/tex/latex/amsfonts/amsfonts.sty
Package: amsfonts 2013/01/14 v3.01 Basic AMSFonts support
\@emptytoks=\toks28
\symAMSa=\mathgroup4
\symAMSb=\mathgroup5
LaTeX Font Info:    Redeclaring math symbol \hbar on input line 98.
LaTeX Font Info:    Overwriting math alphabet `\mathfrak' in version `bold'
(Font)                  U/euf/m/n --> U/euf/b/n on input line 106.
))
(/nix/store/3nl2cdcwgp9s612xf0g8pavfrim5g97v-texlive-combined-full-2021-final/s
hare/texmf/tex/latex/sansmathaccent/sansmathaccent.sty
Package: sansmathaccent 2020/01/31

(/nix/store/3nl2cdcwgp9s612xf0g8pavfrim5g97v-texlive-combined-full-2021-final/s
hare/texmf/tex/latex/koma-script/scrlfile.sty
Package: scrlfile 2021/11/13 v3.35 KOMA-Script package (file load hooks)

(/nix/store/3nl2cdcwgp9s612xf0g8pavfrim5g97v-texlive-combined-full-2021-final/s
hare/texmf/tex/latex/koma-script/scrlfile-hook.sty
Package: scrlfile-hook 2021/11/13 v3.35 KOMA-Script package (using LaTeX hooks)


(/nix/store/3nl2cdcwgp9s612xf0g8pavfrim5g97v-texlive-combined-full-2021-final/s
hare/texmf/tex/latex/koma-script/scrlogo.sty
Package: scrlogo 2021/11/13 v3.35 KOMA-Script package (logo)
)))))
(/nix/store/3nl2cdcwgp9s612xf0g8pavfrim5g97v-texlive-combined-full-2021-final/s
hare/texmf/tex/latex/beamer/beamerbasetranslator.sty
(/nix/store/3nl2cdcwgp9s612xf0g8pavfrim5g97v-texlive-combined-full-2021-final/s
hare/texmf/tex/latex/translator/translator.sty
Package: translator 2021-05-31 v1.12d Easy translation of strings in LaTeX
))
(/nix/store/3nl2cdcwgp9s612xf0g8pavfrim5g97v-texlive-combined-full-2021-final/s
hare/texmf/tex/latex/beamer/beamerbasemisc.sty)
(/nix/store/3nl2cdcwgp9s612xf0g8pavfrim5g97v-texlive-combined-full-2021-final/s
hare/texmf/tex/latex/beamer/beamerbasetwoscreens.sty)
(/nix/store/3nl2cdcwgp9s612xf0g8pavfrim5g97v-texlive-combined-full-2021-final/s
hare/texmf/tex/latex/beamer/beamerbaseoverlay.sty
\beamer@argscount=\count306
\beamer@lastskipcover=\skip50
\beamer@trivlistdepth=\count307
)
(/nix/store/3nl2cdcwgp9s612xf0g8pavfrim5g97v-texlive-combined-full-2021-final/s
hare/texmf/tex/latex/beamer/beamerbasetitle.sty)
(/nix/store/3nl2cdcwgp9s612xf0g8pavfrim5g97v-texlive-combined-full-2021-final/s
hare/texmf/tex/latex/beamer/beamerbasesection.sty
\c@lecture=\count308
\c@part=\count309
\c@section=\count310
\c@subsection=\count311
\c@subsubsection=\count312
)
(/nix/store/3nl2cdcwgp9s612xf0g8pavfrim5g97v-texlive-combined-full-2021-final/s
hare/texmf/tex/latex/beamer/beamerbaseframe.sty
\beamer@framebox=\box65
\beamer@frametitlebox=\box66
\beamer@zoombox=\box67
\beamer@zoomcount=\count313
\beamer@zoomframecount=\count314
\beamer@frametextheight=\dimen269
\c@subsectionslide=\count315
\beamer@frametopskip=\skip51
\beamer@framebottomskip=\skip52
\beamer@frametopskipautobreak=\skip53
\beamer@framebottomskipautobreak=\skip54
\beamer@envbody=\toks29
\framewidth=\dimen270
\c@framenumber=\count316
)
(/nix/store/3nl2cdcwgp9s612xf0g8pavfrim5g97v-texlive-combined-full-2021-final/s
hare/texmf/tex/latex/beamer/beamerbaseverbatim.sty
\beamer@verbatimfileout=\write4
)
(/nix/store/3nl2cdcwgp9s612xf0g8pavfrim5g97v-texlive-combined-full-2021-final/s
hare/texmf/tex/latex/beamer/beamerbaseframesize.sty
\beamer@splitbox=\box68
\beamer@autobreakcount=\count317
\beamer@autobreaklastheight=\dimen271
\beamer@frametitletoks=\toks30
\beamer@framesubtitletoks=\toks31
)
(/nix/store/3nl2cdcwgp9s612xf0g8pavfrim5g97v-texlive-combined-full-2021-final/s
hare/texmf/tex/latex/beamer/beamerbaseframecomponents.sty
\beamer@footins=\box69
)
(/nix/store/3nl2cdcwgp9s612xf0g8pavfrim5g97v-texlive-combined-full-2021-final/s
hare/texmf/tex/latex/beamer/beamerbasecolor.sty)
(/nix/store/3nl2cdcwgp9s612xf0g8pavfrim5g97v-texlive-combined-full-2021-final/s
hare/texmf/tex/latex/beamer/beamerbasenotes.sty
\beamer@frameboxcopy=\box70
)
(/nix/store/3nl2cdcwgp9s612xf0g8pavfrim5g97v-texlive-combined-full-2021-final/s
hare/texmf/tex/latex/beamer/beamerbasetoc.sty)
(/nix/store/3nl2cdcwgp9s612xf0g8pavfrim5g97v-texlive-combined-full-2021-final/s
hare/texmf/tex/latex/beamer/beamerbasetemplates.sty
\beamer@sbttoks=\toks32

(/nix/store/3nl2cdcwgp9s612xf0g8pavfrim5g97v-texlive-combined-full-2021-final/s
hare/texmf/tex/latex/beamer/beamerbaseauxtemplates.sty
(/nix/store/3nl2cdcwgp9s612xf0g8pavfrim5g97v-texlive-combined-full-2021-final/s
hare/texmf/tex/latex/beamer/beamerbaseboxes.sty
\bmb@box=\box71
\bmb@colorbox=\box72
\bmb@boxwidth=\dimen272
\bmb@boxheight=\dimen273
\bmb@prevheight=\dimen274
\bmb@temp=\dimen275
\bmb@dima=\dimen276
\bmb@dimb=\dimen277
\bmb@prevheight=\dimen278
)
\beamer@blockheadheight=\dimen279
))
(/nix/store/3nl2cdcwgp9s612xf0g8pavfrim5g97v-texlive-combined-full-2021-final/s
hare/texmf/tex/latex/beamer/beamerbaselocalstructure.sty
(/nix/store/3nl2cdcwgp9s612xf0g8pavfrim5g97v-texlive-combined-full-2021-final/s
hare/texmf/tex/latex/tools/enumerate.sty
Package: enumerate 2015/07/23 v3.00 enumerate extensions (DPC)
\@enLab=\toks33
)
\beamer@bibiconwidth=\skip55
\c@figure=\count318
\c@table=\count319
\abovecaptionskip=\skip56
\belowcaptionskip=\skip57
)
(/nix/store/3nl2cdcwgp9s612xf0g8pavfrim5g97v-texlive-combined-full-2021-final/s
hare/texmf/tex/latex/beamer/beamerbasenavigation.sty
\beamer@section@min@dim=\dimen280
)
(/nix/store/3nl2cdcwgp9s612xf0g8pavfrim5g97v-texlive-combined-full-2021-final/s
hare/texmf/tex/latex/beamer/beamerbasetheorems.sty
(/nix/store/3nl2cdcwgp9s612xf0g8pavfrim5g97v-texlive-combined-full-2021-final/s
hare/texmf/tex/latex/amsmath/amsmath.sty
Package: amsmath 2021/10/15 v2.17l AMS math features
\@mathmargin=\skip58

For additional information on amsmath, use the `?' option.

(/nix/store/3nl2cdcwgp9s612xf0g8pavfrim5g97v-texlive-combined-full-2021-final/s
hare/texmf/tex/latex/amsmath/amstext.sty
Package: amstext 2021/08/26 v2.01 AMS text

(/nix/store/3nl2cdcwgp9s612xf0g8pavfrim5g97v-texlive-combined-full-2021-final/s
hare/texmf/tex/latex/amsmath/amsgen.sty
File: amsgen.sty 1999/11/30 v2.0 generic functions
\@emptytoks=\toks34
\ex@=\dimen281
))
(/nix/store/3nl2cdcwgp9s612xf0g8pavfrim5g97v-texlive-combined-full-2021-final/s
hare/texmf/tex/latex/amsmath/amsbsy.sty
Package: amsbsy 1999/11/29 v1.2d Bold Symbols
\pmbraise@=\dimen282
)
(/nix/store/3nl2cdcwgp9s612xf0g8pavfrim5g97v-texlive-combined-full-2021-final/s
hare/texmf/tex/latex/amsmath/amsopn.sty
Package: amsopn 2021/08/26 v2.02 operator names
)
\inf@bad=\count320
LaTeX Info: Redefining \frac on input line 234.
\uproot@=\count321
\leftroot@=\count322
LaTeX Info: Redefining \overline on input line 399.
\classnum@=\count323
\DOTSCASE@=\count324
LaTeX Info: Redefining \ldots on input line 496.
LaTeX Info: Redefining \dots on input line 499.
LaTeX Info: Redefining \cdots on input line 620.
\Mathstrutbox@=\box73
\strutbox@=\box74
\big@size=\dimen283
LaTeX Font Info:    Redeclaring font encoding OML on input line 743.
LaTeX Font Info:    Redeclaring font encoding OMS on input line 744.
\macc@depth=\count325
\c@MaxMatrixCols=\count326
\dotsspace@=\muskip17
\c@parentequation=\count327
\dspbrk@lvl=\count328
\tag@help=\toks35
\row@=\count329
\column@=\count330
\maxfields@=\count331
\andhelp@=\toks36
\eqnshift@=\dimen284
\alignsep@=\dimen285
\tagshift@=\dimen286
\tagwidth@=\dimen287
\totwidth@=\dimen288
\lineht@=\dimen289
\@envbody=\toks37
\multlinegap=\skip59
\multlinetaggap=\skip60
\mathdisplay@stack=\toks38
LaTeX Info: Redefining \[ on input line 2938.
LaTeX Info: Redefining \] on input line 2939.
)
(/nix/store/3nl2cdcwgp9s612xf0g8pavfrim5g97v-texlive-combined-full-2021-final/s
hare/texmf/tex/latex/amscls/amsthm.sty
Package: amsthm 2020/05/29 v2.20.6
\thm@style=\toks39
\thm@bodyfont=\toks40
\thm@headfont=\toks41
\thm@notefont=\toks42
\thm@headpunct=\toks43
\thm@preskip=\skip61
\thm@postskip=\skip62
\thm@headsep=\skip63
\dth@everypar=\toks44
)
\c@theorem=\count332
)
(/nix/store/3nl2cdcwgp9s612xf0g8pavfrim5g97v-texlive-combined-full-2021-final/s
hare/texmf/tex/latex/beamer/beamerbasethemes.sty))
(/nix/store/3nl2cdcwgp9s612xf0g8pavfrim5g97v-texlive-combined-full-2021-final/s
hare/texmf/tex/latex/beamer/beamerthemedefault.sty
(/nix/store/3nl2cdcwgp9s612xf0g8pavfrim5g97v-texlive-combined-full-2021-final/s
hare/texmf/tex/latex/beamer/beamerfontthemedefault.sty)
(/nix/store/3nl2cdcwgp9s612xf0g8pavfrim5g97v-texlive-combined-full-2021-final/s
hare/texmf/tex/latex/beamer/beamercolorthemedefault.sty)
(/nix/store/3nl2cdcwgp9s612xf0g8pavfrim5g97v-texlive-combined-full-2021-final/s
hare/texmf/tex/latex/beamer/beamerinnerthemedefault.sty
\beamer@dima=\dimen290
\beamer@dimb=\dimen291
)
(/nix/store/3nl2cdcwgp9s612xf0g8pavfrim5g97v-texlive-combined-full-2021-final/s
hare/texmf/tex/latex/beamer/beamerouterthemedefault.sty)))
(/nix/store/3nl2cdcwgp9s612xf0g8pavfrim5g97v-texlive-combined-full-2021-final/s
hare/texmf/tex/latex/textpos/textpos.sty
Package: textpos 2020/09/26 v1.10

Package: textpos 2020/09/26 1.10, absolute positioning of text on the page
Package textpos Info: choosing support for LaTeX3 on input line 61.
\TP@textbox=\box75
\TP@holdbox=\box76
\TPHorizModule=\dimen292
\TPVertModule=\dimen293
\TP@margin=\dimen294
\TP@absmargin=\dimen295
Grid set 16 x 16 = 22.7622pt x 17.07166pt
\TPboxrulesize=\dimen296
\TP@ox=\dimen297
\TP@oy=\dimen298
\TP@tbargs=\toks45
TextBlockOrigin set to 0pt x 0pt
)
(/nix/store/3nl2cdcwgp9s612xf0g8pavfrim5g97v-texlive-combined-full-2021-final/s
hare/texmf/tex/latex/mathtools/mathtools.sty
Package: mathtools 2022/02/07 v1.28a mathematical typesetting tools

(/nix/store/3nl2cdcwgp9s612xf0g8pavfrim5g97v-texlive-combined-full-2021-final/s
hare/texmf/tex/latex/tools/calc.sty
Package: calc 2017/05/25 v4.3 Infix arithmetic (KKT,FJ)
\calc@Acount=\count333
\calc@Bcount=\count334
\calc@Adimen=\dimen299
\calc@Bdimen=\dimen300
\calc@Askip=\skip64
\calc@Bskip=\skip65
LaTeX Info: Redefining \setlength on input line 80.
LaTeX Info: Redefining \addtolength on input line 81.
\calc@Ccount=\count335
\calc@Cskip=\skip66
)
(/nix/store/3nl2cdcwgp9s612xf0g8pavfrim5g97v-texlive-combined-full-2021-final/s
hare/texmf/tex/latex/mathtools/mhsetup.sty
Package: mhsetup 2021/03/18 v1.4 programming setup (MH)
)
\g_MT_multlinerow_int=\count336
\l_MT_multwidth_dim=\dimen301
\origjot=\skip67
\l_MT_shortvdotswithinadjustabove_dim=\dimen302
\l_MT_shortvdotswithinadjustbelow_dim=\dimen303
\l_MT_above_intertext_sep=\dimen304
\l_MT_below_intertext_sep=\dimen305
\l_MT_above_shortintertext_sep=\dimen306
\l_MT_below_shortintertext_sep=\dimen307
\xmathstrut@box=\box77
\xmathstrut@dim=\dimen308
)
(/nix/store/3nl2cdcwgp9s612xf0g8pavfrim5g97v-texlive-combined-full-2021-final/s
hare/texmf/tex/latex/psnfss/pifont.sty
Package: pifont 2020/03/25 PSNFSS-v9.3 Pi font support (SPQR) 
LaTeX Font Info:    Trying to load font information for U+pzd on input line 63.


(/nix/store/3nl2cdcwgp9s612xf0g8pavfrim5g97v-texlive-combined-full-2021-final/s
hare/texmf/tex/latex/psnfss/upzd.fd
File: upzd.fd 2001/06/04 font definitions for U/pzd.
)
LaTeX Font Info:    Trying to load font information for U+psy on input line 64.


(/nix/store/3nl2cdcwgp9s612xf0g8pavfrim5g97v-texlive-combined-full-2021-final/s
hare/texmf/tex/latex/psnfss/upsy.fd
File: upsy.fd 2001/06/04 font definitions for U/psy.
)) (./theme/beamerthemeinria.sty
LaTeX Font Info:    Trying to load font information for OT1+lmss on input line 
5.

(/nix/store/3nl2cdcwgp9s612xf0g8pavfrim5g97v-texlive-combined-full-2021-final/s
hare/texmf/tex/latex/lm/ot1lmss.fd
File: ot1lmss.fd 2015/05/01 v1.6.1 Font defs for Latin Modern
)
TextBlockOrigin set to 0mm x 0mm

(/nix/store/3nl2cdcwgp9s612xf0g8pavfrim5g97v-texlive-combined-full-2021-final/s
hare/texmf/tex/latex/pgf/frontendlayer/tikz.sty
(/nix/store/3nl2cdcwgp9s612xf0g8pavfrim5g97v-texlive-combined-full-2021-final/s
hare/texmf/tex/latex/pgf/basiclayer/pgf.sty
Package: pgf 2021/05/15 v3.1.9a (3.1.9a)

(/nix/store/3nl2cdcwgp9s612xf0g8pavfrim5g97v-texlive-combined-full-2021-final/s
hare/texmf/tex/generic/pgf/modules/pgfmoduleshapes.code.tex
File: pgfmoduleshapes.code.tex 2021/05/15 v3.1.9a (3.1.9a)
\pgfnodeparttextbox=\box78
)
(/nix/store/3nl2cdcwgp9s612xf0g8pavfrim5g97v-texlive-combined-full-2021-final/s
hare/texmf/tex/generic/pgf/modules/pgfmoduleplot.code.tex
File: pgfmoduleplot.code.tex 2021/05/15 v3.1.9a (3.1.9a)
)
(/nix/store/3nl2cdcwgp9s612xf0g8pavfrim5g97v-texlive-combined-full-2021-final/s
hare/texmf/tex/latex/pgf/compatibility/pgfcomp-version-0-65.sty
Package: pgfcomp-version-0-65 2021/05/15 v3.1.9a (3.1.9a)
\pgf@nodesepstart=\dimen309
\pgf@nodesepend=\dimen310
)
(/nix/store/3nl2cdcwgp9s612xf0g8pavfrim5g97v-texlive-combined-full-2021-final/s
hare/texmf/tex/latex/pgf/compatibility/pgfcomp-version-1-18.sty
Package: pgfcomp-version-1-18 2021/05/15 v3.1.9a (3.1.9a)
))
(/nix/store/3nl2cdcwgp9s612xf0g8pavfrim5g97v-texlive-combined-full-2021-final/s
hare/texmf/tex/latex/pgf/utilities/pgffor.sty
(/nix/store/3nl2cdcwgp9s612xf0g8pavfrim5g97v-texlive-combined-full-2021-final/s
hare/texmf/tex/generic/pgf/utilities/pgffor.code.tex
Package: pgffor 2021/05/15 v3.1.9a (3.1.9a)

(/nix/store/3nl2cdcwgp9s612xf0g8pavfrim5g97v-texlive-combined-full-2021-final/s
hare/texmf/tex/generic/pgf/math/pgfmath.code.tex)
\pgffor@iter=\dimen311
\pgffor@skip=\dimen312
\pgffor@stack=\toks46
\pgffor@toks=\toks47
))
(/nix/store/3nl2cdcwgp9s612xf0g8pavfrim5g97v-texlive-combined-full-2021-final/s
hare/texmf/tex/generic/pgf/frontendlayer/tikz/tikz.code.tex
Package: tikz 2021/05/15 v3.1.9a (3.1.9a)

(/nix/store/3nl2cdcwgp9s612xf0g8pavfrim5g97v-texlive-combined-full-2021-final/s
hare/texmf/tex/generic/pgf/libraries/pgflibraryplothandlers.code.tex
File: pgflibraryplothandlers.code.tex 2021/05/15 v3.1.9a (3.1.9a)
\pgf@plot@mark@count=\count337
\pgfplotmarksize=\dimen313
)
\tikz@lastx=\dimen314
\tikz@lasty=\dimen315
\tikz@lastxsaved=\dimen316
\tikz@lastysaved=\dimen317
\tikz@lastmovetox=\dimen318
\tikz@lastmovetoy=\dimen319
\tikzleveldistance=\dimen320
\tikzsiblingdistance=\dimen321
\tikz@figbox=\box79
\tikz@figbox@bg=\box80
\tikz@tempbox=\box81
\tikz@tempbox@bg=\box82
\tikztreelevel=\count338
\tikznumberofchildren=\count339
\tikznumberofcurrentchild=\count340
\tikz@fig@count=\count341

(/nix/store/3nl2cdcwgp9s612xf0g8pavfrim5g97v-texlive-combined-full-2021-final/s
hare/texmf/tex/generic/pgf/modules/pgfmodulematrix.code.tex
File: pgfmodulematrix.code.tex 2021/05/15 v3.1.9a (3.1.9a)
\pgfmatrixcurrentrow=\count342
\pgfmatrixcurrentcolumn=\count343
\pgf@matrix@numberofcolumns=\count344
)
\tikz@expandcount=\count345

(/nix/store/3nl2cdcwgp9s612xf0g8pavfrim5g97v-texlive-combined-full-2021-final/s
hare/texmf/tex/generic/pgf/frontendlayer/tikz/libraries/tikzlibrarytopaths.code
.tex
File: tikzlibrarytopaths.code.tex 2021/05/15 v3.1.9a (3.1.9a)
)))
(/nix/store/3nl2cdcwgp9s612xf0g8pavfrim5g97v-texlive-combined-full-2021-final/s
hare/texmf/tex/latex/fmtcount/fmtcount.sty
Package: fmtcount 2020/01/30 v3.07

(/nix/store/3nl2cdcwgp9s612xf0g8pavfrim5g97v-texlive-combined-full-2021-final/s
hare/texmf/tex/latex/base/ifthen.sty
Package: ifthen 2020/11/24 v1.1c Standard LaTeX ifthen package (DPC)
)
(/nix/store/3nl2cdcwgp9s612xf0g8pavfrim5g97v-texlive-combined-full-2021-final/s
hare/texmf/tex/latex/xkeyval/xkeyval.sty
Package: xkeyval 2020/11/20 v2.8 package option processing (HA)

(/nix/store/3nl2cdcwgp9s612xf0g8pavfrim5g97v-texlive-combined-full-2021-final/s
hare/texmf/tex/generic/xkeyval/xkeyval.tex
(/nix/store/3nl2cdcwgp9s612xf0g8pavfrim5g97v-texlive-combined-full-2021-final/s
hare/texmf/tex/generic/xkeyval/xkvutils.tex
\XKV@toks=\toks48
\XKV@tempa@toks=\toks49
)
\XKV@depth=\count346
File: xkeyval.tex 2014/12/03 v2.7a key=value parser (HA)
))
(/nix/store/3nl2cdcwgp9s612xf0g8pavfrim5g97v-texlive-combined-full-2021-final/s
hare/texmf/tex/latex/fmtcount/fcprefix.sty
Package: fcprefix 2012/09/28

(/nix/store/3nl2cdcwgp9s612xf0g8pavfrim5g97v-texlive-combined-full-2021-final/s
hare/texmf/tex/latex/fmtcount/fcnumparser.sty
Package: fcnumparser 2017/06/15
\fc@digit@counter=\count347
))
\c@padzeroesN=\count348
\fc@tmpcatcode=\count349
\@DT@modctr=\count350
\@ordinalctr=\count351
\@orgargctr=\count352
\@strctr=\count353
\@tmpstrctr=\count354
\@DT@loopN=\count355
\@DT@X=\count356
)
(./theme/beamercolorthemeinria.sty) (./theme/beamerouterthemeinria.sty)
(./theme/beamerinnerthemeinria.sty)) (./mathdef.tex
\symmathb=\mathgroup6
\c@proposition=\count357
\c@assumption=\count358
\c@remark=\count359
)
\c@property=\count360
 (./theme/style.tex
\c@ColoredBoxesCounter=\count361

(/nix/store/3nl2cdcwgp9s612xf0g8pavfrim5g97v-texlive-combined-full-2021-final/s
hare/texmf/tex/generic/soul/soul.sty
Package: soul 2003/11/17 v2.4 letterspacing/underlining (mf)
\SOUL@word=\toks50
\SOUL@lasttoken=\toks51
\SOUL@cmds=\toks52
\SOUL@buffer=\toks53
\SOUL@token=\toks54
\SOUL@spaceskip=\skip68
\SOUL@ttwidth=\dimen322
\SOUL@uldp=\dimen323
\SOUL@ulht=\dimen324
)
\minipagewidth=\skip69
\minipagewidthx=\skip70

(/nix/store/3nl2cdcwgp9s612xf0g8pavfrim5g97v-texlive-combined-full-2021-final/s
hare/texmf/tex/latex/tools/array.sty
Package: array 2021/10/04 v2.5f Tabular extension package (FMi)
\col@sep=\dimen325
\ar@mcellbox=\box83
\extrarowheight=\dimen326
\NC@list=\toks55
\extratabsurround=\skip71
\backup@length=\skip72
\ar@cellbox=\box84
)
\CBox=\box85
)

Package hyperref Warning: Token not allowed in a PDF string (Unicode):
(hyperref)                removing `math shift' on input line 18.


Package hyperref Warning: Token not allowed in a PDF string (Unicode):
(hyperref)                removing `superscript' on input line 18.


Package hyperref Warning: Token not allowed in a PDF string (Unicode):
(hyperref)                removing `math shift' on input line 18.


(/nix/store/3nl2cdcwgp9s612xf0g8pavfrim5g97v-texlive-combined-full-2021-final/s
hare/texmf/tex/latex/l3backend/l3backend-pdftex.def
File: l3backend-pdftex.def 2022-02-07 L3 backend support: PDF output (pdfTeX)
\l__color_backend_stack_int=\count362
\l__pdf_internal_box=\box86
) (./main.aux)
\openout1 = `main.aux'.

LaTeX Font Info:    Checking defaults for OML/cmm/m/it on input line 21.
LaTeX Font Info:    ... okay on input line 21.
LaTeX Font Info:    Checking defaults for OMS/cmsy/m/n on input line 21.
LaTeX Font Info:    ... okay on input line 21.
LaTeX Font Info:    Checking defaults for OT1/cmr/m/n on input line 21.
LaTeX Font Info:    ... okay on input line 21.
LaTeX Font Info:    Checking defaults for T1/cmr/m/n on input line 21.
LaTeX Font Info:    ... okay on input line 21.
LaTeX Font Info:    Checking defaults for TS1/cmr/m/n on input line 21.
LaTeX Font Info:    ... okay on input line 21.
LaTeX Font Info:    Checking defaults for OMX/cmex/m/n on input line 21.
LaTeX Font Info:    ... okay on input line 21.
LaTeX Font Info:    Checking defaults for U/cmr/m/n on input line 21.
LaTeX Font Info:    ... okay on input line 21.
LaTeX Font Info:    Checking defaults for PD1/pdf/m/n on input line 21.
LaTeX Font Info:    ... okay on input line 21.
LaTeX Font Info:    Checking defaults for PU/pdf/m/n on input line 21.
LaTeX Font Info:    ... okay on input line 21.

*geometry* driver: auto-detecting
*geometry* detected driver: pdftex
*geometry* verbose mode - [ preamble ] result:
* driver: pdftex
* paper: custom
* layout: <same size as paper>
* layoutoffset:(h,v)=(0.0pt,0.0pt)
* modes: includehead includefoot 
* h-part:(L,W,R)=(28.45274pt, 307.28987pt, 28.45274pt)
* v-part:(T,H,B)=(0.0pt, 273.14662pt, 0.0pt)
* \paperwidth=364.19536pt
* \paperheight=273.14662pt
* \textwidth=307.28987pt
* \textheight=244.6939pt
* \oddsidemargin=-43.81725pt
* \evensidemargin=-43.81725pt
* \topmargin=-72.26999pt
* \headheight=14.22636pt
* \headsep=0.0pt
* \topskip=11.0pt
* \footskip=14.22636pt
* \marginparwidth=4.0pt
* \marginparsep=10.0pt
* \columnsep=10.0pt
* \skip\footins=10.0pt plus 4.0pt minus 2.0pt
* \hoffset=0.0pt
* \voffset=0.0pt
* \mag=1000
* \@twocolumnfalse
* \@twosidefalse
* \@mparswitchfalse
* \@reversemarginfalse
* (1in=72.27pt=25.4mm, 1cm=28.453pt)


(/nix/store/3nl2cdcwgp9s612xf0g8pavfrim5g97v-texlive-combined-full-2021-final/s
hare/texmf/tex/context/base/mkii/supp-pdf.mkii
[Loading MPS to PDF converter (version 2006.09.02).]
\scratchcounter=\count363
\scratchdimen=\dimen327
\scratchbox=\box87
\nofMPsegments=\count364
\nofMParguments=\count365
\everyMPshowfont=\toks56
\MPscratchCnt=\count366
\MPscratchDim=\dimen328
\MPnumerator=\count367
\makeMPintoPDFobject=\count368
\everyMPtoPDFconversion=\toks57
)
(/nix/store/3nl2cdcwgp9s612xf0g8pavfrim5g97v-texlive-combined-full-2021-final/s
hare/texmf/tex/latex/epstopdf-pkg/epstopdf-base.sty
Package: epstopdf-base 2020-01-24 v2.11 Base part for package epstopdf
Package epstopdf-base Info: Redefining graphics rule for `.eps' on input line 4
85.

(/nix/store/3nl2cdcwgp9s612xf0g8pavfrim5g97v-texlive-combined-full-2021-final/s
hare/texmf/tex/latex/latexconfig/epstopdf-sys.cfg
File: epstopdf-sys.cfg 2010/07/13 v1.3 Configuration of (r)epstopdf for TeX Liv
e
))
Package hyperref Info: Link coloring OFF on input line 21.

(/nix/store/3nl2cdcwgp9s612xf0g8pavfrim5g97v-texlive-combined-full-2021-final/s
hare/texmf/tex/latex/hyperref/nameref.sty
Package: nameref 2021-04-02 v2.47 Cross-referencing by name of section

(/nix/store/3nl2cdcwgp9s612xf0g8pavfrim5g97v-texlive-combined-full-2021-final/s
hare/texmf/tex/latex/refcount/refcount.sty
Package: refcount 2019/12/15 v3.6 Data extraction from label references (HO)
)
(/nix/store/3nl2cdcwgp9s612xf0g8pavfrim5g97v-texlive-combined-full-2021-final/s
hare/texmf/tex/generic/gettitlestring/gettitlestring.sty
Package: gettitlestring 2019/12/15 v1.6 Cleanup title references (HO)
)
\c@section@level=\count369
)
LaTeX Info: Redefining \ref on input line 21.
LaTeX Info: Redefining \pageref on input line 21.
LaTeX Info: Redefining \nameref on input line 21.
 (./main.out)
(./main.out)
\@outlinefile=\write5
\openout5 = `main.out'.

LaTeX Font Info:    Overwriting symbol font `operators' in version `normal'
(Font)                  OT1/cmr/m/n --> OT1/cmss/m/n on input line 21.
LaTeX Font Info:    Overwriting symbol font `operators' in version `bold'
(Font)                  OT1/cmr/bx/n --> OT1/cmss/b/n on input line 21.
\symnumbers=\mathgroup7
\sympureletters=\mathgroup8
LaTeX Font Info:    Overwriting math alphabet `\mathrm' in version `normal'
(Font)                  OT1/cmss/m/n --> OT1/cmr/m/n on input line 21.
LaTeX Font Info:    Redeclaring math alphabet \mathbf on input line 21.
LaTeX Font Info:    Overwriting math alphabet `\mathbf' in version `normal'
(Font)                  OT1/cmr/bx/n --> OT1/lmss/b/n on input line 21.
LaTeX Font Info:    Overwriting math alphabet `\mathbf' in version `bold'
(Font)                  OT1/cmr/bx/n --> OT1/lmss/b/n on input line 21.
LaTeX Font Info:    Redeclaring math alphabet \mathsf on input line 21.
LaTeX Font Info:    Overwriting math alphabet `\mathsf' in version `normal'
(Font)                  OT1/cmss/m/n --> OT1/lmss/m/n on input line 21.
LaTeX Font Info:    Overwriting math alphabet `\mathsf' in version `bold'
(Font)                  OT1/cmss/bx/n --> OT1/lmss/m/n on input line 21.
LaTeX Font Info:    Redeclaring math alphabet \mathit on input line 21.
LaTeX Font Info:    Overwriting math alphabet `\mathit' in version `normal'
(Font)                  OT1/cmr/m/it --> OT1/lmss/m/it on input line 21.
LaTeX Font Info:    Overwriting math alphabet `\mathit' in version `bold'
(Font)                  OT1/cmr/bx/it --> OT1/lmss/m/it on input line 21.
LaTeX Font Info:    Redeclaring math alphabet \mathtt on input line 21.
LaTeX Font Info:    Overwriting math alphabet `\mathtt' in version `normal'
(Font)                  OT1/cmtt/m/n --> OT1/cmtt/m/n on input line 21.
LaTeX Font Info:    Overwriting math alphabet `\mathtt' in version `bold'
(Font)                  OT1/cmtt/m/n --> OT1/cmtt/m/n on input line 21.
LaTeX Font Info:    Overwriting symbol font `numbers' in version `bold'
(Font)                  OT1/lmss/m/n --> OT1/lmss/b/n on input line 21.
LaTeX Font Info:    Overwriting symbol font `pureletters' in version `bold'
(Font)                  OT1/lmss/m/it --> OT1/lmss/b/it on input line 21.
LaTeX Font Info:    Overwriting math alphabet `\mathrm' in version `bold'
(Font)                  OT1/cmss/b/n --> OT1/cmr/b/n on input line 21.
LaTeX Font Info:    Overwriting math alphabet `\mathbf' in version `bold'
(Font)                  OT1/lmss/b/n --> OT1/lmss/b/n on input line 21.
LaTeX Font Info:    Overwriting math alphabet `\mathsf' in version `bold'
(Font)                  OT1/lmss/m/n --> OT1/lmss/b/n on input line 21.
LaTeX Font Info:    Overwriting math alphabet `\mathit' in version `bold'
(Font)                  OT1/lmss/m/it --> OT1/lmss/b/it on input line 21.
LaTeX Font Info:    Overwriting math alphabet `\mathtt' in version `bold'
(Font)                  OT1/cmtt/m/n --> OT1/cmtt/b/n on input line 21.

(/nix/store/3nl2cdcwgp9s612xf0g8pavfrim5g97v-texlive-combined-full-2021-final/s
hare/texmf/tex/latex/translator/translator-basic-dictionary-English.dict
Dictionary: translator-basic-dictionary, Language: English 
)
(/nix/store/3nl2cdcwgp9s612xf0g8pavfrim5g97v-texlive-combined-full-2021-final/s
hare/texmf/tex/latex/translator/translator-bibliography-dictionary-English.dict
Dictionary: translator-bibliography-dictionary, Language: English 
)
(/nix/store/3nl2cdcwgp9s612xf0g8pavfrim5g97v-texlive-combined-full-2021-final/s
hare/texmf/tex/latex/translator/translator-environment-dictionary-English.dict
Dictionary: translator-environment-dictionary, Language: English 
)
(/nix/store/3nl2cdcwgp9s612xf0g8pavfrim5g97v-texlive-combined-full-2021-final/s
hare/texmf/tex/latex/translator/translator-months-dictionary-English.dict
Dictionary: translator-months-dictionary, Language: English 
)
(/nix/store/3nl2cdcwgp9s612xf0g8pavfrim5g97v-texlive-combined-full-2021-final/s
hare/texmf/tex/latex/translator/translator-numbers-dictionary-English.dict
Dictionary: translator-numbers-dictionary, Language: English 
)
(/nix/store/3nl2cdcwgp9s612xf0g8pavfrim5g97v-texlive-combined-full-2021-final/s
hare/texmf/tex/latex/translator/translator-theorem-dictionary-English.dict
Dictionary: translator-theorem-dictionary, Language: English 
)
(/nix/store/3nl2cdcwgp9s612xf0g8pavfrim5g97v-texlive-combined-full-2021-final/s
hare/texmf/tex/latex/fmtcount/fc-english.def
File: fc-english.def 2016/01/12
) (./main.nav)
<theme/img/Inria_logo-blanc.png, id=31, 285.065pt x 83.81313pt>
File: theme/img/Inria_logo-blanc.png Graphic file (type png)
<use theme/img/Inria_logo-blanc.png>
Package pdftex.def Info: theme/img/Inria_logo-blanc.png  used on input line 25.

(pdftex.def)             Requested size: 76.82246pt x 22.58635pt.
LaTeX Font Info:    Trying to load font information for U+msa on input line 25.


(/nix/store/3nl2cdcwgp9s612xf0g8pavfrim5g97v-texlive-combined-full-2021-final/s
hare/texmf/tex/latex/amsfonts/umsa.fd
File: umsa.fd 2013/01/14 v3.01 AMS symbols A
)
LaTeX Font Info:    Trying to load font information for U+msb on input line 25.


(/nix/store/3nl2cdcwgp9s612xf0g8pavfrim5g97v-texlive-combined-full-2021-final/s
hare/texmf/tex/latex/amsfonts/umsb.fd
File: umsb.fd 2013/01/14 v3.01 AMS symbols B
)
LaTeX Font Info:    Font shape `OT1/lmss/m/it' in size <10.95> not available
(Font)              Font shape `OT1/lmss/m/sl' tried instead on input line 25.
LaTeX Font Info:    Font shape `OT1/lmss/m/it' in size <8> not available
(Font)              Font shape `OT1/lmss/m/sl' tried instead on input line 25.
LaTeX Font Info:    Font shape `OT1/lmss/m/it' in size <6> not available
(Font)              Font shape `OT1/lmss/m/sl' tried instead on input line 25.

Overfull \hbox (28.45274pt too wide) in paragraph at lines 25--25
[][][]  
 []

[1

{/nix/store/3nl2cdcwgp9s612xf0g8pavfrim5g97v-texlive-combined-full-2021-final/s
hare/texmf-var/fonts/map/pdftex/updmap/pdftex.map} <./theme/img/Inria_logo-blan
c.png>]
<theme/img/Inr_logo_rouge.png, id=43, 285.065pt x 83.81313pt>
File: theme/img/Inr_logo_rouge.png Graphic file (type png)
<use theme/img/Inr_logo_rouge.png>
Package pdftex.def Info: theme/img/Inr_logo_rouge.png  used on input line 28.
(pdftex.def)             Requested size: 61.45703pt x 18.06805pt.
 (./main.toc)
Overfull \hbox (28.45274pt too wide) in paragraph at lines 28--28
[][] 
 []

File: theme/img/Inr_logo_rouge.png Graphic file (type png)
<use theme/img/Inr_logo_rouge.png>
Package pdftex.def Info: theme/img/Inr_logo_rouge.png  used on input line 28.
(pdftex.def)             Requested size: 61.45703pt x 18.06805pt.
[2

 <./theme/img/Inr_logo_rouge.png>]
File: theme/img/Inr_logo_rouge.png Graphic file (type png)
<use theme/img/Inr_logo_rouge.png>
Package pdftex.def Info: theme/img/Inr_logo_rouge.png  used on input line 31.
(pdftex.def)             Requested size: 61.45703pt x 18.06805pt.

Overfull \hbox (28.45274pt too wide) in paragraph at lines 31--31
[][]  
 []

File: theme/img/Inr_logo_rouge.png Graphic file (type png)
<use theme/img/Inr_logo_rouge.png>
Package pdftex.def Info: theme/img/Inr_logo_rouge.png  used on input line 31.
(pdftex.def)             Requested size: 61.45703pt x 18.06805pt.
[3

]
File: theme/img/Inr_logo_rouge.png Graphic file (type png)
<use theme/img/Inr_logo_rouge.png>
Package pdftex.def Info: theme/img/Inr_logo_rouge.png  used on input line 48.
(pdftex.def)             Requested size: 61.45703pt x 18.06805pt.
 [4

]
File: theme/img/Inr_logo_rouge.png Graphic file (type png)
<use theme/img/Inr_logo_rouge.png>
Package pdftex.def Info: theme/img/Inr_logo_rouge.png  used on input line 59.
(pdftex.def)             Requested size: 61.45703pt x 18.06805pt.
 [5

]
File: theme/img/Inr_logo_rouge.png Graphic file (type png)
<use theme/img/Inr_logo_rouge.png>
Package pdftex.def Info: theme/img/Inr_logo_rouge.png  used on input line 64.
(pdftex.def)             Requested size: 61.45703pt x 18.06805pt.

Overfull \hbox (28.45274pt too wide) in paragraph at lines 64--64
[][]  
 []

File: theme/img/Inr_logo_rouge.png Graphic file (type png)
<use theme/img/Inr_logo_rouge.png>
Package pdftex.def Info: theme/img/Inr_logo_rouge.png  used on input line 64.
(pdftex.def)             Requested size: 61.45703pt x 18.06805pt.
[6

]
LaTeX Font Info:    Font shape `OT1/lmss/m/it' in size <10> not available
(Font)              Font shape `OT1/lmss/m/sl' tried instead on input line 82.
LaTeX Font Info:    Font shape `OT1/lmss/m/it' in size <7> not available
(Font)              Font shape `OT1/lmss/m/sl' tried instead on input line 82.
LaTeX Font Info:    Font shape `OT1/lmss/m/it' in size <5> not available
(Font)              Font shape `OT1/lmss/m/sl' tried instead on input line 82.
LaTeX Font Info:    Font shape `OT1/lmss/m/it' in size <9> not available
(Font)              Font shape `OT1/lmss/m/sl' tried instead on input line 82.
File: theme/img/Inr_logo_rouge.png Graphic file (type png)
<use theme/img/Inr_logo_rouge.png>
Package pdftex.def Info: theme/img/Inr_logo_rouge.png  used on input line 82.
(pdftex.def)             Requested size: 61.45703pt x 18.06805pt.
 [7

]
File: theme/img/Inr_logo_rouge.png Graphic file (type png)
<use theme/img/Inr_logo_rouge.png>
Package pdftex.def Info: theme/img/Inr_logo_rouge.png  used on input line 86.
(pdftex.def)             Requested size: 61.45703pt x 18.06805pt.

Overfull \hbox (28.45274pt too wide) in paragraph at lines 86--86
[][]  
 []

File: theme/img/Inr_logo_rouge.png Graphic file (type png)
<use theme/img/Inr_logo_rouge.png>
Package pdftex.def Info: theme/img/Inr_logo_rouge.png  used on input line 86.
(pdftex.def)             Requested size: 61.45703pt x 18.06805pt.
[8

]
File: theme/img/Inr_logo_rouge.png Graphic file (type png)
<use theme/img/Inr_logo_rouge.png>
Package pdftex.def Info: theme/img/Inr_logo_rouge.png  used on input line 94.
(pdftex.def)             Requested size: 61.45703pt x 18.06805pt.
 [9

]
File: theme/img/Inr_logo_rouge.png Graphic file (type png)
<use theme/img/Inr_logo_rouge.png>
Package pdftex.def Info: theme/img/Inr_logo_rouge.png  used on input line 98.
(pdftex.def)             Requested size: 61.45703pt x 18.06805pt.
 [10

]
\tf@nav=\write6
\openout6 = `main.nav'.

\tf@toc=\write7
\openout7 = `main.toc'.

\tf@snm=\write8
\openout8 = `main.snm'.

 (./main.aux)
Package rerunfilecheck Info: File `main.out' has not changed.
(rerunfilecheck)             Checksum: 4126672B2DBFBC40E2530155F85D52CD;495.
 ) 
Here is how much of TeX's memory you used:
 27104 strings out of 478278
 561097 string characters out of 5819600
 804845 words of memory out of 5000000
 44700 multiletter control sequences out of 15000+600000
 536418 words of font info for 94 fonts, out of 8000000 for 9000
 1141 hyphenation exceptions out of 8191
 128i,13n,122p,545b,807s stack positions out of 5000i,500n,10000p,200000b,80000s
{/nix/store/3nl2cdcwgp9s612xf0g8pavfrim5g97v-texlive-combined-full-2021-final
/share/texmf/fonts/enc/dvips/lm/lm-rm.enc}</nix/store/3nl2cdcwgp9s612xf0g8pavfr
im5g97v-texlive-combined-full-2021-final/share/texmf/fonts/type1/public/amsfont
s/cm/cmmi10.pfb></nix/store/3nl2cdcwgp9s612xf0g8pavfrim5g97v-texlive-combined-f
ull-2021-final/share/texmf/fonts/type1/public/amsfonts/cm/cmss10.pfb></nix/stor
e/3nl2cdcwgp9s612xf0g8pavfrim5g97v-texlive-combined-full-2021-final/share/texmf
/fonts/type1/public/amsfonts/cm/cmsy10.pfb></nix/store/3nl2cdcwgp9s612xf0g8pavf
rim5g97v-texlive-combined-full-2021-final/share/texmf/fonts/type1/public/amsfon
ts/cm/cmsy9.pfb></nix/store/3nl2cdcwgp9s612xf0g8pavfrim5g97v-texlive-combined-f
ull-2021-final/share/texmf/fonts/type1/public/lm/lmss10.pfb></nix/store/3nl2cdc
wgp9s612xf0g8pavfrim5g97v-texlive-combined-full-2021-final/share/texmf/fonts/ty
pe1/public/lm/lmss17.pfb></nix/store/3nl2cdcwgp9s612xf0g8pavfrim5g97v-texlive-c
ombined-full-2021-final/share/texmf/fonts/type1/public/lm/lmss8.pfb></nix/store
/3nl2cdcwgp9s612xf0g8pavfrim5g97v-texlive-combined-full-2021-final/share/texmf/
fonts/type1/public/lm/lmss9.pfb></nix/store/3nl2cdcwgp9s612xf0g8pavfrim5g97v-te
xlive-combined-full-2021-final/share/texmf/fonts/type1/public/lm/lmssbx10.pfb><
/nix/store/3nl2cdcwgp9s612xf0g8pavfrim5g97v-texlive-combined-full-2021-final/sh
are/texmf/fonts/type1/public/lm/lmsso10.pfb></nix/store/3nl2cdcwgp9s612xf0g8pav
frim5g97v-texlive-combined-full-2021-final/share/texmf/fonts/type1/public/matha
bx-type1/mathb10.pfb></nix/store/3nl2cdcwgp9s612xf0g8pavfrim5g97v-texlive-combi
ned-full-2021-final/share/texmf/fonts/type1/public/amsfonts/symbols/msam10.pfb>
</nix/store/3nl2cdcwgp9s612xf0g8pavfrim5g97v-texlive-combined-full-2021-final/s
hare/texmf/fonts/type1/urw/zapfding/uzdr.pfb>
Output written on main.pdf (10 pages, 187946 bytes).
PDF statistics:
 177 PDF objects out of 1000 (max. 8388607)
 124 compressed objects within 2 object streams
 25 named destinations out of 1000 (max. 500000)
 103 words of extra memory for PDF output out of 10000 (max. 10000000)

